<?xml version="1.0" encoding="UTF-8"?>
<!-- Generated by org.testng.reporters.JUnitReportReporter -->
<testsuite hostname="DESKTOP-D8HST9O" name="script.ValidLogin" tests="2" failures="0" timestamp="16 Feb 2018 09:32:10 GMT" time="28.697" errors="0">
  <testcase name="testValidLogin" time="20.229" classname="script.ValidLogin"/>
  <testcase name="testValidLogin" time="8.468" classname="script.ValidLogin"/>
</testsuite> <!-- script.ValidLogin -->
