<?xml version="1.0" encoding="UTF-8"?>
<!-- Generated by org.testng.reporters.JUnitReportReporter -->
<testsuite hostname="DESKTOP-D8HST9O" name="script.InvalidLogin" tests="2" failures="0" timestamp="16 Feb 2018 09:32:10 GMT" time="37.406" errors="0">
  <testcase name="testInvalidLogin" time="18.325" classname="script.InvalidLogin"/>
  <testcase name="testInvalidLogin" time="19.081" classname="script.InvalidLogin"/>
</testsuite> <!-- script.InvalidLogin -->
