<?xml version="1.0" encoding="UTF-8"?>
<!-- Generated by org.testng.reporters.JUnitReportReporter -->
<testsuite hostname="DESKTOP-D8HST9O" name="script.CheckVersion" tests="2" failures="0" timestamp="16 Feb 2018 09:32:10 GMT" time="36.188" errors="0">
  <testcase name="testVersion" time="17.897" classname="script.CheckVersion"/>
  <testcase name="testVersion" time="18.291" classname="script.CheckVersion"/>
</testsuite> <!-- script.CheckVersion -->
